<?xml version="1.0" encoding="UTF-8"?>
<testng-results ignored="0" total="1" passed="1" failed="0" skipped="0">
  <reporter-output>
  </reporter-output>
  <suite started-at="2021-08-25T19:19:39 IST" name="Suite" finished-at="2021-08-25T19:20:07 IST" duration-ms="27683">
    <groups>
    </groups>
    <test started-at="2021-08-25T19:19:39 IST" name="Test" finished-at="2021-08-25T19:20:07 IST" duration-ms="27683">
      <class name="test.RunTest">
        <test-method is-config="true" signature="initialize()[pri:0, instance:test.RunTest@3315d2d7]" started-at="2021-08-25T19:19:39 IST" name="initialize" finished-at="2021-08-25T19:19:57 IST" duration-ms="17553" status="PASS">
          <reporter-output>
          </reporter-output>
        </test-method> <!-- initialize -->
        <test-method signature="getdata()[pri:0, instance:test.RunTest@3315d2d7]" started-at="2021-08-25T19:19:57 IST" name="getdata" finished-at="2021-08-25T19:20:07 IST" duration-ms="9990" status="PASS">
          <reporter-output>
          </reporter-output>
        </test-method> <!-- getdata -->
        <test-method is-config="true" signature="finish()[pri:0, instance:test.RunTest@3315d2d7]" started-at="2021-08-25T19:20:07 IST" name="finish" finished-at="2021-08-25T19:20:07 IST" duration-ms="65" status="PASS">
          <reporter-output>
          </reporter-output>
        </test-method> <!-- finish -->
      </class> <!-- test.RunTest -->
    </test> <!-- Test -->
  </suite> <!-- Suite -->
</testng-results>
